Data Info:
Source Name: amazon-custom-books
Target Name: amazon-custom-movies-tv
Number of Users: 3859
Number of Source Items: 4883
Number of Target Items: 4929

Number of Source Interactions: 104080
Number of Target Interactions: 120985

Model Info:
model_type: CMF
n_users: 3859
n_items_source: 4883
n_items_target: 4929
embedding_dim: 64

Trainer Info:
epochs: 20
learning_rate: 0.001
weight_decay: 1e-05

Training Metrics:
acc: 0.9610612885894946
precision: 0.9985529314959661
recall: 0.9586148035156534
f1: 0.9781763771210977
rmse_source: 0.2976817791399764
rmse_target: 0.2806849692836636
