Data Info:
Source Name: amazon-custom-books
Target Name: amazon-custom-movies-tv
Number of Users: 3859
Number of Source Items: 4883
Number of Target Items: 4929

Number of Source Interactions: 104080
Number of Target Interactions: 120985

Model Info:
model_type: CMF
loss_type: BCE
n_users: 3859
n_items: 9812
embedding_dim: 64

Trainer Info:
epochs: 1
learning_rate: 0.001
weight_decay: 1e-05

Training Metrics:
acc: 0.6722651568376244
precision: 0.953577266116681
recall: 0.6727318951114986
f1: 0.7889051561210637
BCE: 0.8323334979206547
