Data Info:
Source Name: amazon-custom-books
Target Name: amazon-custom-movies-tv
Number of Users: 3859
Number of Source Items: 4883
Number of Target Items: 4929

Number of Source Interactions: 104080
Number of Target Interactions: 120985

Model Info:
model_type: CMF
loss_type: BCE
n_users: 3859
n_items: 9812
embedding_dim: 64

Trainer Info:
epochs: 20
learning_rate: 0.001
weight_decay: 1e-05

Training Metrics:
acc: 0.9350745960243005
precision: 0.9365796190850186
recall: 0.9961320549139246
f1: 0.9654383456165438
BCE: 0.5062105525997745
