Data Info:
Source Name: amazon-custom-books
Target Name: amazon-custom-movies-tv
Number of Users: 3859
Number of Source Items: 4883
Number of Target Items: 4929

Number of Source Interactions: 104080
Number of Target Interactions: 120985

Model Info:
model_type: NCF
n_users: 3859
user_embedding_dim: 64
source_feat_dim: 96
target_feat_dim: 96
source_mlp_layers: [128, 64, 32, 1]
target_mlp_layers: [128, 64, 32, 1]

Trainer Info:
epochs: 20
learning_rate: 0.001
weight_decay: 1e-05

Training Metrics:
acc: 0.943249163119395
precision: 0.9676744438808782
recall: 0.9700642841577686
f1: 0.9688678903076031
rmse_source: 0.6444876849248053
rmse_target: 0.6720346854012548
