Data Info:
Source Name: amazon-custom-books
Target Name: amazon-custom-movies-tv
Number of Users: 3859
Number of Source Items: 4883
Number of Target Items: 4929

Number of Source Interactions: 104080
Number of Target Interactions: 120985

Model Info:
model_type: NCF
loss_type: MSE
n_users: 3859
user_embedding_dim: 64
source_feat_dim: 96
target_feat_dim: 96
source_mlp_layers: [128, 64, 32, 8, 1]
target_mlp_layers: [128, 64, 32, 8, 1]

Trainer Info:
epochs: 1
learning_rate: 0.001
weight_decay: 1e-05

Training Metrics:
acc: 0.8762573872794148
precision: 0.9257218012150059
recall: 0.9394475920679887
f1: 0.9325341925598792
MSE: 1.438981800004067
